<?xml version="1.0" encoding="UTF-8"?>
<testsuite name="GroceryTest" tests="5" skipped="0" failures="0" errors="0" timestamp="2021-10-06T21:41:58" hostname="KKDJoseph-PC" time="0.007">
  <properties/>
  <testcase name="testToString()" classname="GroceryTest" time="0.004"/>
  <testcase name="setWeight()" classname="GroceryTest" time="0.0"/>
  <testcase name="testHashCode()" classname="GroceryTest" time="0.001"/>
  <testcase name="getWeight()" classname="GroceryTest" time="0.001"/>
  <testcase name="testEquals()" classname="GroceryTest" time="0.0"/>
  <system-out><![CDATA[]]></system-out>
  <system-err><![CDATA[]]></system-err>
</testsuite>
