<?xml version="1.0" encoding="UTF-8"?>
<testsuite name="InventoryTest" tests="8" skipped="0" failures="0" errors="0" timestamp="2021-10-06T21:41:58" hostname="KKDJoseph-PC" time="0.011">
  <properties/>
  <testcase name="setGroceryStock()" classname="InventoryTest" time="0.0"/>
  <testcase name="testToString()" classname="InventoryTest" time="0.006"/>
  <testcase name="setHouseholdStock()" classname="InventoryTest" time="0.001"/>
  <testcase name="getHouseholdStock()" classname="InventoryTest" time="0.001"/>
  <testcase name="totalRetailValue()" classname="InventoryTest" time="0.0"/>
  <testcase name="testHashCode()" classname="InventoryTest" time="0.0"/>
  <testcase name="testEquals()" classname="InventoryTest" time="0.0"/>
  <testcase name="getGroceryStock()" classname="InventoryTest" time="0.001"/>
  <system-out><![CDATA[]]></system-out>
  <system-err><![CDATA[]]></system-err>
</testsuite>
