<?xml version="1.0" encoding="UTF-8"?>
<testsuite name="HouseholdTest" tests="5" skipped="0" failures="0" errors="0" timestamp="2021-10-06T21:41:58" hostname="KKDJoseph-PC" time="0.008">
  <properties/>
  <testcase name="testToString()" classname="HouseholdTest" time="0.005"/>
  <testcase name="testHashCode()" classname="HouseholdTest" time="0.0"/>
  <testcase name="testEquals()" classname="HouseholdTest" time="0.001"/>
  <testcase name="setUnits()" classname="HouseholdTest" time="0.001"/>
  <testcase name="getUnits()" classname="HouseholdTest" time="0.0"/>
  <system-out><![CDATA[]]></system-out>
  <system-err><![CDATA[]]></system-err>
</testsuite>
